# JRE version: Java(TM) SE Runtime Environment (8.0_181-b13) (build 1.8.0_181-b13)
# Java VM: Java HotSpot(TM) 64-Bit Server VM (25.181-b13 mixed mode linux-amd64 compressed oops)
Heap:
 PSYoungGen      total 135168K, used 10227K [0x000000076f180000, 0x0000000777f80000, 0x00000007c0000000)
  eden space 124928K, 0% used [0x000000076f180000,0x000000076f180000,0x0000000776b80000)
  from space 10240K, 99% used [0x0000000776b80000,0x000000077757cf60,0x0000000777580000)
  to   space 10240K, 0% used [0x0000000777580000,0x0000000777580000,0x0000000777f80000)
 ParOldGen       total 166912K, used 6615K [0x00000006cd400000, 0x00000006d7700000, 0x000000076f180000)
  object space 166912K, 3% used [0x00000006cd400000,0x00000006cda75da8,0x00000006d7700000)
 Metaspace       used 20395K, capacity 21096K, committed 21296K, reserved 1069056K
  class space    used 2407K, capacity 2599K, committed 2688K, reserved 1048576K
GC Heap History (9 events):
Event: 0.958 GC heap before
{Heap before GC invocations=1 (full 0):
 PSYoungGen      total 72704K, used 62464K [0x000000076f180000, 0x0000000774280000, 0x00000007c0000000)
  eden space 62464K, 100% used [0x000000076f180000,0x0000000772e80000,0x0000000772e80000)
  from space 10240K, 0% used [0x0000000773880000,0x0000000773880000,0x0000000774280000)
  to   space 10240K, 0% used [0x0000000772e80000,0x0000000772e80000,0x0000000773880000)
 ParOldGen       total 166912K, used 0K [0x00000006cd400000, 0x00000006d7700000, 0x000000076f180000)
  object space 166912K, 0% used [0x00000006cd400000,0x00000006cd400000,0x00000006d7700000)
 Metaspace       used 12057K, capacity 12232K, committed 12416K, reserved 1060864K
  class space    used 1519K, capacity 1604K, committed 1664K, reserved 1048576K
Event: 0.966 GC heap after
Heap after GC invocations=1 (full 0):
 PSYoungGen      total 72704K, used 10233K [0x000000076f180000, 0x0000000774280000, 0x00000007c0000000)
  eden space 62464K, 0% used [0x000000076f180000,0x000000076f180000,0x0000000772e80000)
  from space 10240K, 99% used [0x0000000772e80000,0x000000077387e428,0x0000000773880000)
  to   space 10240K, 0% used [0x0000000773880000,0x0000000773880000,0x0000000774280000)
 ParOldGen       total 166912K, used 93K [0x00000006cd400000, 0x00000006d7700000, 0x000000076f180000)
  object space 166912K, 0% used [0x00000006cd400000,0x00000006cd417728,0x00000006d7700000)
 Metaspace       used 12057K, capacity 12232K, committed 12416K, reserved 1060864K
  class space    used 1519K, capacity 1604K, committed 1664K, reserved 1048576K
}
Event: 1.906 GC heap before
{Heap before GC invocations=2 (full 0):
 PSYoungGen      total 72704K, used 72697K [0x000000076f180000, 0x0000000774280000, 0x00000007c0000000)
  eden space 62464K, 100% used [0x000000076f180000,0x0000000772e80000,0x0000000772e80000)
  from space 10240K, 99% used [0x0000000772e80000,0x000000077387e428,0x0000000773880000)
  to   space 10240K, 0% used [0x0000000773880000,0x0000000773880000,0x0000000774280000)
 ParOldGen       total 166912K, used 93K [0x00000006cd400000, 0x00000006d7700000, 0x000000076f180000)
  object space 166912K, 0% used [0x00000006cd400000,0x00000006cd417728,0x00000006d7700000)
 Metaspace       used 16184K, capacity 16402K, committed 16640K, reserved 1064960K
  class space    used 1963K, capacity 2040K, committed 2048K, reserved 1048576K
Event: 1.919 GC heap after
Heap after GC invocations=2 (full 0):
 PSYoungGen      total 72704K, used 7574K [0x000000076f180000, 0x0000000777f80000, 0x00000007c0000000)
  eden space 62464K, 0% used [0x000000076f180000,0x000000076f180000,0x0000000772e80000)
  from space 10240K, 73% used [0x0000000773880000,0x0000000773fe5b60,0x0000000774280000)
  to   space 10240K, 0% used [0x0000000772e80000,0x0000000772e80000,0x0000000773880000)
 ParOldGen       total 166912K, used 101K [0x00000006cd400000, 0x00000006d7700000, 0x000000076f180000)
  object space 166912K, 0% used [0x00000006cd400000,0x00000006cd419728,0x00000006d7700000)
 Metaspace       used 16184K, capacity 16402K, committed 16640K, reserved 1064960K
  class space    used 1963K, capacity 2040K, committed 2048K, reserved 1048576K
}
Event: 2.631 GC heap before
{Heap before GC invocations=3 (full 0):
 PSYoungGen      total 72704K, used 70038K [0x000000076f180000, 0x0000000777f80000, 0x00000007c0000000)
  eden space 62464K, 100% used [0x000000076f180000,0x0000000772e80000,0x0000000772e80000)
  from space 10240K, 73% used [0x0000000773880000,0x0000000773fe5b60,0x0000000774280000)
  to   space 10240K, 0% used [0x0000000772e80000,0x0000000772e80000,0x0000000773880000)
 ParOldGen       total 166912K, used 101K [0x00000006cd400000, 0x00000006d7700000, 0x000000076f180000)
  object space 166912K, 0% used [0x00000006cd400000,0x00000006cd419728,0x00000006d7700000)
 Metaspace       used 18601K, capacity 19106K, committed 19456K, reserved 1067008K
  class space    used 2266K, capacity 2435K, committed 2560K, reserved 1048576K
Event: 2.651 GC heap after
Heap after GC invocations=3 (full 0):
 PSYoungGen      total 72704K, used 10229K [0x000000076f180000, 0x0000000777f80000, 0x00000007c0000000)
  eden space 62464K, 0% used [0x000000076f180000,0x000000076f180000,0x0000000772e80000)
  from space 10240K, 99% used [0x0000000772e80000,0x000000077387d4b0,0x0000000773880000)
  to   space 10240K, 0% used [0x0000000777580000,0x0000000777580000,0x0000000777f80000)
 ParOldGen       total 166912K, used 1225K [0x00000006cd400000, 0x00000006d7700000, 0x000000076f180000)
  object space 166912K, 0% used [0x00000006cd400000,0x00000006cd532688,0x00000006d7700000)
 Metaspace       used 18601K, capacity 19106K, committed 19456K, reserved 1067008K
  class space    used 2266K, capacity 2435K, committed 2560K, reserved 1048576K
}
Event: 3.285 GC heap before
{Heap before GC invocations=4 (full 0):
 PSYoungGen      total 72704K, used 72693K [0x000000076f180000, 0x0000000777f80000, 0x00000007c0000000)
  eden space 62464K, 100% used [0x000000076f180000,0x0000000772e80000,0x0000000772e80000)
  from space 10240K, 99% used [0x0000000772e80000,0x000000077387d4b0,0x0000000773880000)
  to   space 10240K, 0% used [0x0000000777580000,0x0000000777580000,0x0000000777f80000)
 ParOldGen       total 166912K, used 1225K [0x00000006cd400000, 0x00000006d7700000, 0x000000076f180000)
  object space 166912K, 0% used [0x00000006cd400000,0x00000006cd532688,0x00000006d7700000)
 Metaspace       used 19006K, capacity 19520K, committed 19712K, reserved 1067008K
  class space    used 2274K, capacity 2440K, committed 2560K, reserved 1048576K
Event: 3.298 GC heap after
Heap after GC invocations=4 (full 0):
 PSYoungGen      total 135168K, used 10224K [0x000000076f180000, 0x0000000777f80000, 0x00000007c0000000)
  eden space 124928K, 0% used [0x000000076f180000,0x000000076f180000,0x0000000776b80000)
  from space 10240K, 99% used [0x0000000777580000,0x0000000777f7c030,0x0000000777f80000)
  to   space 10240K, 0% used [0x0000000776b80000,0x0000000776b80000,0x0000000777580000)
 ParOldGen       total 166912K, used 3378K [0x00000006cd400000, 0x00000006d7700000, 0x000000076f180000)
  object space 166912K, 2% used [0x00000006cd400000,0x00000006cd74c840,0x00000006d7700000)
 Metaspace       used 19006K, capacity 19520K, committed 19712K, reserved 1067008K
  class space    used 2274K, capacity 2440K, committed 2560K, reserved 1048576K
}
Event: 4.167 GC heap before
{Heap before GC invocations=5 (full 0):
 PSYoungGen      total 135168K, used 77149K [0x000000076f180000, 0x0000000777f80000, 0x00000007c0000000)
  eden space 124928K, 53% used [0x000000076f180000,0x00000007732db598,0x0000000776b80000)
  from space 10240K, 99% used [0x0000000777580000,0x0000000777f7c030,0x0000000777f80000)
  to   space 10240K, 0% used [0x0000000776b80000,0x0000000776b80000,0x0000000777580000)
 ParOldGen       total 166912K, used 3378K [0x00000006cd400000, 0x00000006d7700000, 0x000000076f180000)
  object space 166912K, 2% used [0x00000006cd400000,0x00000006cd74c840,0x00000006d7700000)
 Metaspace       used 20395K, capacity 21096K, committed 21296K, reserved 1069056K
  class space    used 2407K, capacity 2599K, committed 2688K, reserved 1048576K

