# JRE version: Java(TM) SE Runtime Environment (8.0_181-b13) (build 1.8.0_181-b13)
# Java VM: Java HotSpot(TM) 64-Bit Server VM (25.181-b13 mixed mode linux-amd64 compressed oops)
Heap:
 PSYoungGen      total 135168K, used 10240K [0x000000076f180000, 0x0000000777f80000, 0x00000007c0000000)
  eden space 124928K, 0% used [0x000000076f180000,0x000000076f180000,0x0000000776b80000)
  from space 10240K, 100% used [0x0000000776b80000,0x0000000777580000,0x0000000777580000)
  to   space 10240K, 0% used [0x0000000777580000,0x0000000777580000,0x0000000777f80000)
 ParOldGen       total 166912K, used 6407K [0x00000006cd400000, 0x00000006d7700000, 0x000000076f180000)
  object space 166912K, 3% used [0x00000006cd400000,0x00000006cda41d28,0x00000006d7700000)
 Metaspace       used 20399K, capacity 21096K, committed 21296K, reserved 1069056K
  class space    used 2408K, capacity 2599K, committed 2688K, reserved 1048576K
GC Heap History (9 events):
Event: 1.004 GC heap before
{Heap before GC invocations=1 (full 0):
 PSYoungGen      total 72704K, used 62464K [0x000000076f180000, 0x0000000774280000, 0x00000007c0000000)
  eden space 62464K, 100% used [0x000000076f180000,0x0000000772e80000,0x0000000772e80000)
  from space 10240K, 0% used [0x0000000773880000,0x0000000773880000,0x0000000774280000)
  to   space 10240K, 0% used [0x0000000772e80000,0x0000000772e80000,0x0000000773880000)
 ParOldGen       total 166912K, used 0K [0x00000006cd400000, 0x00000006d7700000, 0x000000076f180000)
  object space 166912K, 0% used [0x00000006cd400000,0x00000006cd400000,0x00000006d7700000)
 Metaspace       used 12057K, capacity 12232K, committed 12416K, reserved 1060864K
  class space    used 1519K, capacity 1604K, committed 1664K, reserved 1048576K
Event: 1.013 GC heap after
Heap after GC invocations=1 (full 0):
 PSYoungGen      total 72704K, used 10226K [0x000000076f180000, 0x0000000774280000, 0x00000007c0000000)
  eden space 62464K, 0% used [0x000000076f180000,0x000000076f180000,0x0000000772e80000)
  from space 10240K, 99% used [0x0000000772e80000,0x000000077387c990,0x0000000773880000)
  to   space 10240K, 0% used [0x0000000773880000,0x0000000773880000,0x0000000774280000)
 ParOldGen       total 166912K, used 93K [0x00000006cd400000, 0x00000006d7700000, 0x000000076f180000)
  object space 166912K, 0% used [0x00000006cd400000,0x00000006cd417728,0x00000006d7700000)
 Metaspace       used 12057K, capacity 12232K, committed 12416K, reserved 1060864K
  class space    used 1519K, capacity 1604K, committed 1664K, reserved 1048576K
}
Event: 1.953 GC heap before
{Heap before GC invocations=2 (full 0):
 PSYoungGen      total 72704K, used 72690K [0x000000076f180000, 0x0000000774280000, 0x00000007c0000000)
  eden space 62464K, 100% used [0x000000076f180000,0x0000000772e80000,0x0000000772e80000)
  from space 10240K, 99% used [0x0000000772e80000,0x000000077387c990,0x0000000773880000)
  to   space 10240K, 0% used [0x0000000773880000,0x0000000773880000,0x0000000774280000)
 ParOldGen       total 166912K, used 93K [0x00000006cd400000, 0x00000006d7700000, 0x000000076f180000)
  object space 166912K, 0% used [0x00000006cd400000,0x00000006cd417728,0x00000006d7700000)
 Metaspace       used 16306K, capacity 16530K, committed 16640K, reserved 1064960K
  class space    used 1967K, capacity 2040K, committed 2048K, reserved 1048576K
Event: 1.961 GC heap after
Heap after GC invocations=2 (full 0):
 PSYoungGen      total 72704K, used 7717K [0x000000076f180000, 0x0000000774280000, 0x00000007c0000000)
  eden space 62464K, 0% used [0x000000076f180000,0x000000076f180000,0x0000000772e80000)
  from space 10240K, 75% used [0x0000000773880000,0x0000000774009508,0x0000000774280000)
  to   space 10240K, 0% used [0x0000000772e80000,0x0000000772e80000,0x0000000773880000)
 ParOldGen       total 166912K, used 101K [0x00000006cd400000, 0x00000006d7700000, 0x000000076f180000)
  object space 166912K, 0% used [0x00000006cd400000,0x00000006cd419728,0x00000006d7700000)
 Metaspace       used 16306K, capacity 16530K, committed 16640K, reserved 1064960K
  class space    used 1967K, capacity 2040K, committed 2048K, reserved 1048576K
}
Event: 2.608 GC heap before
{Heap before GC invocations=3 (full 0):
 PSYoungGen      total 72704K, used 70181K [0x000000076f180000, 0x0000000774280000, 0x00000007c0000000)
  eden space 62464K, 100% used [0x000000076f180000,0x0000000772e80000,0x0000000772e80000)
  from space 10240K, 75% used [0x0000000773880000,0x0000000774009508,0x0000000774280000)
  to   space 10240K, 0% used [0x0000000772e80000,0x0000000772e80000,0x0000000773880000)
 ParOldGen       total 166912K, used 101K [0x00000006cd400000, 0x00000006d7700000, 0x000000076f180000)
  object space 166912K, 0% used [0x00000006cd400000,0x00000006cd419728,0x00000006d7700000)
 Metaspace       used 18594K, capacity 19042K, committed 19200K, reserved 1067008K
  class space    used 2267K, capacity 2435K, committed 2560K, reserved 1048576K
Event: 2.625 GC heap after
Heap after GC invocations=3 (full 0):
 PSYoungGen      total 72704K, used 10214K [0x000000076f180000, 0x0000000777f80000, 0x00000007c0000000)
  eden space 62464K, 0% used [0x000000076f180000,0x000000076f180000,0x0000000772e80000)
  from space 10240K, 99% used [0x0000000772e80000,0x0000000773879ba8,0x0000000773880000)
  to   space 10240K, 0% used [0x0000000777580000,0x0000000777580000,0x0000000777f80000)
 ParOldGen       total 166912K, used 1152K [0x00000006cd400000, 0x00000006d7700000, 0x000000076f180000)
  object space 166912K, 0% used [0x00000006cd400000,0x00000006cd520178,0x00000006d7700000)
 Metaspace       used 18594K, capacity 19042K, committed 19200K, reserved 1067008K
  class space    used 2267K, capacity 2435K, committed 2560K, reserved 1048576K
}
Event: 3.194 GC heap before
{Heap before GC invocations=4 (full 0):
 PSYoungGen      total 72704K, used 72678K [0x000000076f180000, 0x0000000777f80000, 0x00000007c0000000)
  eden space 62464K, 100% used [0x000000076f180000,0x0000000772e80000,0x0000000772e80000)
  from space 10240K, 99% used [0x0000000772e80000,0x0000000773879ba8,0x0000000773880000)
  to   space 10240K, 0% used [0x0000000777580000,0x0000000777580000,0x0000000777f80000)
 ParOldGen       total 166912K, used 1152K [0x00000006cd400000, 0x00000006d7700000, 0x000000076f180000)
  object space 166912K, 0% used [0x00000006cd400000,0x00000006cd520178,0x00000006d7700000)
 Metaspace       used 19056K, capacity 19520K, committed 19712K, reserved 1067008K
  class space    used 2274K, capacity 2440K, committed 2560K, reserved 1048576K
Event: 3.216 GC heap after
Heap after GC invocations=4 (full 0):
 PSYoungGen      total 135168K, used 10208K [0x000000076f180000, 0x0000000777f80000, 0x00000007c0000000)
  eden space 124928K, 0% used [0x000000076f180000,0x000000076f180000,0x0000000776b80000)
  from space 10240K, 99% used [0x0000000777580000,0x0000000777f78040,0x0000000777f80000)
  to   space 10240K, 0% used [0x0000000776b80000,0x0000000776b80000,0x0000000777580000)
 ParOldGen       total 166912K, used 3227K [0x00000006cd400000, 0x00000006d7700000, 0x000000076f180000)
  object space 166912K, 1% used [0x00000006cd400000,0x00000006cd726d68,0x00000006d7700000)
 Metaspace       used 19056K, capacity 19520K, committed 19712K, reserved 1067008K
  class space    used 2274K, capacity 2440K, committed 2560K, reserved 1048576K
}
Event: 4.132 GC heap before
{Heap before GC invocations=5 (full 0):
 PSYoungGen      total 135168K, used 77410K [0x000000076f180000, 0x0000000777f80000, 0x00000007c0000000)
  eden space 124928K, 53% used [0x000000076f180000,0x0000000773320878,0x0000000776b80000)
  from space 10240K, 99% used [0x0000000777580000,0x0000000777f78040,0x0000000777f80000)
  to   space 10240K, 0% used [0x0000000776b80000,0x0000000776b80000,0x0000000777580000)
 ParOldGen       total 166912K, used 3227K [0x00000006cd400000, 0x00000006d7700000, 0x000000076f180000)
  object space 166912K, 1% used [0x00000006cd400000,0x00000006cd726d68,0x00000006d7700000)
 Metaspace       used 20399K, capacity 21096K, committed 21296K, reserved 1069056K
  class space    used 2408K, capacity 2599K, committed 2688K, reserved 1048576K

